<?xml version="1.0" encoding="UTF-8"?>
<robot generator="Robot 3.2.2 (Python 3.8.5 on win32)" generated="20200917 13:18:56.333" rpa="false">
<suite id="s1" name="Robotproject" source="C:\Users\ofaouzi\Desktop\outil\eclipse-workspace\Robotproject">
<suite id="s1-s1" name="Test" source="C:\Users\ofaouzi\Desktop\outil\eclipse-workspace\Robotproject\Test">
<suite id="s1-s1-s1" name="Testsuit1" source="C:\Users\ofaouzi\Desktop\outil\eclipse-workspace\Robotproject\Test\Testsuit1.robot">
<test id="s1-s1-s1-t1" name="Logintest">
<kw name="Open Browser" library="SeleniumLibrary">
<doc>Opens a new browser instance to the given ``url``.</doc>
<arguments>
<arg>https://opensource-demo.orangehrmlive.com/</arg>
<arg>chrome</arg>
</arguments>
<msg timestamp="20200917 13:18:56.730" level="INFO">Opening browser 'chrome' to base url 'https://opensource-demo.orangehrmlive.com/'.</msg>
<status status="PASS" starttime="20200917 13:18:56.729" endtime="20200917 13:19:01.912"></status>
</kw>
<kw name="Maximize Browser Window" library="SeleniumLibrary">
<doc>Maximizes current browser window.</doc>
<status status="PASS" starttime="20200917 13:19:01.913" endtime="20200917 13:19:04.049"></status>
</kw>
<kw name="Set Browser Implicit Wait" library="SeleniumLibrary">
<doc>Sets the implicit wait value used by Selenium.</doc>
<arguments>
<arg>5</arg>
</arguments>
<status status="PASS" starttime="20200917 13:19:04.049" endtime="20200917 13:19:04.056"></status>
</kw>
<kw name="Input Username">
<arguments>
<arg>Admin</arg>
</arguments>
<kw name="Input Text" library="SeleniumLibrary">
<doc>Types the given ``text`` into text field identified by ``locator``.</doc>
<arguments>
<arg>id=txtUsername</arg>
<arg>${username}</arg>
</arguments>
<msg timestamp="20200917 13:19:04.065" level="INFO">Typing text 'Admin' into text field 'id=txtUsername'.</msg>
<status status="PASS" starttime="20200917 13:19:04.063" endtime="20200917 13:19:04.317"></status>
</kw>
<status status="PASS" starttime="20200917 13:19:04.060" endtime="20200917 13:19:04.318"></status>
</kw>
<kw name="Input Password">
<arguments>
<arg>admin123</arg>
</arguments>
<kw name="Input Text" library="SeleniumLibrary">
<doc>Types the given ``text`` into text field identified by ``locator``.</doc>
<arguments>
<arg>id=txtPassword</arg>
<arg>${password}</arg>
</arguments>
<msg timestamp="20200917 13:19:04.319" level="INFO">Typing text 'admin123' into text field 'id=txtPassword'.</msg>
<status status="PASS" starttime="20200917 13:19:04.319" endtime="20200917 13:19:04.411"></status>
</kw>
<status status="PASS" starttime="20200917 13:19:04.318" endtime="20200917 13:19:04.412"></status>
</kw>
<kw name="Submit Credentials">
<kw name="Click Button" library="SeleniumLibrary">
<doc>Clicks button identified by ``locator``.</doc>
<arguments>
<arg>id=btnLogin</arg>
</arguments>
<msg timestamp="20200917 13:19:04.414" level="INFO">Clicking button 'id=btnLogin'.</msg>
<status status="PASS" starttime="20200917 13:19:04.413" endtime="20200917 13:19:06.181"></status>
</kw>
<status status="PASS" starttime="20200917 13:19:04.412" endtime="20200917 13:19:06.183"></status>
</kw>
<kw name="Click Element" library="SeleniumLibrary">
<doc>Click element identified by ``locator``.</doc>
<arguments>
<arg>id=welcome</arg>
</arguments>
<msg timestamp="20200917 13:19:06.184" level="INFO">Clicking element 'id=welcome'.</msg>
<status status="PASS" starttime="20200917 13:19:06.183" endtime="20200917 13:19:06.815"></status>
</kw>
<kw name="Sleep" library="BuiltIn">
<doc>Pauses the test executed for the given time.</doc>
<arguments>
<arg>3</arg>
</arguments>
<msg timestamp="20200917 13:19:09.817" level="INFO">Slept 3 seconds</msg>
<status status="PASS" starttime="20200917 13:19:06.816" endtime="20200917 13:19:09.817"></status>
</kw>
<kw name="Click Element" library="SeleniumLibrary">
<doc>Click element identified by ``locator``.</doc>
<arguments>
<arg>Link=Logout</arg>
</arguments>
<msg timestamp="20200917 13:19:09.819" level="INFO">Clicking element 'Link=Logout'.</msg>
<status status="PASS" starttime="20200917 13:19:09.818" endtime="20200917 13:19:10.436"></status>
</kw>
<status status="PASS" starttime="20200917 13:18:56.728" endtime="20200917 13:19:10.436" critical="yes"></status>
</test>
<doc>Simple example using SeleniumLibrary.</doc>
<status status="PASS" starttime="20200917 13:18:56.406" endtime="20200917 13:19:10.439"></status>
</suite>
<status status="PASS" starttime="20200917 13:18:56.403" endtime="20200917 13:19:10.444"></status>
</suite>
<status status="PASS" starttime="20200917 13:18:56.379" endtime="20200917 13:19:10.446"></status>
</suite>
<statistics>
<total>
<stat pass="1" fail="0">Critical Tests</stat>
<stat pass="1" fail="0">All Tests</stat>
</total>
<tag>
</tag>
<suite>
<stat pass="1" fail="0" id="s1" name="Robotproject">Robotproject</stat>
<stat pass="1" fail="0" id="s1-s1" name="Test">Robotproject.Test</stat>
<stat pass="1" fail="0" id="s1-s1-s1" name="Testsuit1">Robotproject.Test.Testsuit1</stat>
</suite>
</statistics>
<errors>
</errors>
</robot>
